# JRE version: Java(TM) SE Runtime Environment (7.0_60-b19) (build 1.7.0_60-b19)
# Java VM: Java HotSpot(TM) 64-Bit Server VM (24.60-b09 mixed mode linux-amd64 compressed oops)
Heap
 PSYoungGen      total 66560K, used 5104K [0x00000000d8280000, 0x00000000dc880000, 0x0000000100000000)
  eden space 61440K, 0% used [0x00000000d8280000,0x00000000d8280000,0x00000000dbe80000)
  from space 5120K, 99% used [0x00000000dbe80000,0x00000000dc37c010,0x00000000dc380000)
  to   space 5120K, 0% used [0x00000000dc380000,0x00000000dc380000,0x00000000dc880000)
 ParOldGen       total 81408K, used 2949K [0x0000000088800000, 0x000000008d780000, 0x00000000d8280000)
  object space 81408K, 3% used [0x0000000088800000,0x0000000088ae15f8,0x000000008d780000)
 PSPermGen       total 21504K, used 12338K [0x0000000083600000, 0x0000000084b00000, 0x0000000088800000)
  object space 21504K, 57% used [0x0000000083600000,0x000000008420c928,0x0000000084b00000)
GC Heap History (5 events):
Event: 0,541 GC heap before
{Heap before GC invocations=1 (full 0):
 PSYoungGen      total 35840K, used 30720K [0x00000000d8280000, 0x00000000daa80000, 0x0000000100000000)
  eden space 30720K, 100% used [0x00000000d8280000,0x00000000da080000,0x00000000da080000)
  from space 5120K, 0% used [0x00000000da580000,0x00000000da580000,0x00000000daa80000)
  to   space 5120K, 0% used [0x00000000da080000,0x00000000da080000,0x00000000da580000)
 ParOldGen       total 81408K, used 0K [0x0000000088800000, 0x000000008d780000, 0x00000000d8280000)
  object space 81408K, 0% used [0x0000000088800000,0x0000000088800000,0x000000008d780000)
 PSPermGen       total 21504K, used 7387K [0x0000000083600000, 0x0000000084b00000, 0x0000000088800000)
  object space 21504K, 34% used [0x0000000083600000,0x0000000083d36fe8,0x0000000084b00000)
Event: 0,552 GC heap after
Heap after GC invocations=1 (full 0):
 PSYoungGen      total 35840K, used 4219K [0x00000000d8280000, 0x00000000dc880000, 0x0000000100000000)
  eden space 30720K, 0% used [0x00000000d8280000,0x00000000d8280000,0x00000000da080000)
  from space 5120K, 82% used [0x00000000da080000,0x00000000da49ec10,0x00000000da580000)
  to   space 5120K, 0% used [0x00000000dc380000,0x00000000dc380000,0x00000000dc880000)
 ParOldGen       total 81408K, used 8K [0x0000000088800000, 0x000000008d780000, 0x00000000d8280000)
  object space 81408K, 0% used [0x0000000088800000,0x0000000088802000,0x000000008d780000)
 PSPermGen       total 21504K, used 7387K [0x0000000083600000, 0x0000000084b00000, 0x0000000088800000)
  object space 21504K, 34% used [0x0000000083600000,0x0000000083d36fe8,0x0000000084b00000)
}
Event: 1,046 GC heap before
{Heap before GC invocations=2 (full 0):
 PSYoungGen      total 35840K, used 34939K [0x00000000d8280000, 0x00000000dc880000, 0x0000000100000000)
  eden space 30720K, 100% used [0x00000000d8280000,0x00000000da080000,0x00000000da080000)
  from space 5120K, 82% used [0x00000000da080000,0x00000000da49ec10,0x00000000da580000)
  to   space 5120K, 0% used [0x00000000dc380000,0x00000000dc380000,0x00000000dc880000)
 ParOldGen       total 81408K, used 8K [0x0000000088800000, 0x000000008d780000, 0x00000000d8280000)
  object space 81408K, 0% used [0x0000000088800000,0x0000000088802000,0x000000008d780000)
 PSPermGen       total 21504K, used 11947K [0x0000000083600000, 0x0000000084b00000, 0x0000000088800000)
  object space 21504K, 55% used [0x0000000083600000,0x00000000841aad28,0x0000000084b00000)
Event: 1,054 GC heap after
Heap after GC invocations=2 (full 0):
 PSYoungGen      total 66560K, used 5090K [0x00000000d8280000, 0x00000000dc880000, 0x0000000100000000)
  eden space 61440K, 0% used [0x00000000d8280000,0x00000000d8280000,0x00000000dbe80000)
  from space 5120K, 99% used [0x00000000dc380000,0x00000000dc878b00,0x00000000dc880000)
  to   space 5120K, 0% used [0x00000000dbe80000,0x00000000dbe80000,0x00000000dc380000)
 ParOldGen       total 81408K, used 1463K [0x0000000088800000, 0x000000008d780000, 0x00000000d8280000)
  object space 81408K, 1% used [0x0000000088800000,0x000000008896dc48,0x000000008d780000)
 PSPermGen       total 21504K, used 11947K [0x0000000083600000, 0x0000000084b00000, 0x0000000088800000)
  object space 21504K, 55% used [0x0000000083600000,0x00000000841aad28,0x0000000084b00000)
}
Event: 1,785 GC heap before
{Heap before GC invocations=3 (full 0):
 PSYoungGen      total 66560K, used 66530K [0x00000000d8280000, 0x00000000dc880000, 0x0000000100000000)
  eden space 61440K, 100% used [0x00000000d8280000,0x00000000dbe80000,0x00000000dbe80000)
  from space 5120K, 99% used [0x00000000dc380000,0x00000000dc878b00,0x00000000dc880000)
  to   space 5120K, 0% used [0x00000000dbe80000,0x00000000dbe80000,0x00000000dc380000)
 ParOldGen       total 81408K, used 1463K [0x0000000088800000, 0x000000008d780000, 0x00000000d8280000)
  object space 81408K, 1% used [0x0000000088800000,0x000000008896dc48,0x000000008d780000)
 PSPermGen       total 21504K, used 12338K [0x0000000083600000, 0x0000000084b00000, 0x0000000088800000)
  object space 21504K, 57% used [0x0000000083600000,0x000000008420c928,0x0000000084b00000)

